<?xml version="1.0" encoding="UTF-8"?>
<testng-results skipped="0" failed="0" ignored="0" total="1" passed="1">
  <reporter-output>
  </reporter-output>
  <suite name="Default suite" duration-ms="21936" started-at="2020-02-11T07:25:52Z" finished-at="2020-02-11T07:26:14Z">
    <groups>
    </groups>
    <test name="Default test" duration-ms="21936" started-at="2020-02-11T07:25:52Z" finished-at="2020-02-11T07:26:14Z">
      <class name="PageObjectModel.Testcase">
        <test-method status="PASS" signature="f()[pri:0, instance:PageObjectModel.Testcase@475530b9]" name="f" duration-ms="21878" started-at="2020-02-11T07:25:52Z" finished-at="2020-02-11T07:26:14Z">
          <reporter-output>
          </reporter-output>
        </test-method> <!-- f -->
      </class> <!-- PageObjectModel.Testcase -->
    </test> <!-- Default test -->
  </suite> <!-- Default suite -->
</testng-results>
